<?xml version="1.0" encoding="UTF-8"?>
<!-- Generated by org.testng.reporters.JUnitReportReporter -->
<testsuite hostname="Kiranghosh" failures="0" tests="4" name="org.test.CURA_WebApplication" time="61.002" errors="0" timestamp="2024-06-15T13:11:25 IST" skipped="0">
  <testcase classname="org.test.CURA_WebApplication" name="tc1" time="10.171"/>
  <system-out/>
  <testcase classname="org.test.CURA_WebApplication" name="tc2" time="17.375"/>
  <system-out/>
  <testcase classname="org.test.CURA_WebApplication" name="tc3" time="14.319"/>
  <system-out/>
  <testcase classname="org.test.CURA_WebApplication" name="tc4" time="19.137"/>
  <system-out/>
</testsuite> <!-- org.test.CURA_WebApplication -->
