<?xml version="1.0" encoding="UTF-8"?>
<!-- Generated by org.testng.reporters.JUnitReportReporter -->
<testsuite hostname="Kiranghosh" failures="0" tests="2" name="org.test.CURA_WebApplication" time="34.548" errors="0" timestamp="2024-06-14T16:59:39 IST" skipped="0">
  <testcase classname="org.test.CURA_WebApplication" name="tc1" time="17.689"/>
  <system-out/>
  <testcase classname="org.test.CURA_WebApplication" name="tc2" time="16.859"/>
  <system-out/>
</testsuite> <!-- org.test.CURA_WebApplication -->
